This file contains any messages produced by compilers while
running configure, to aid debugging if configure makes a mistake.

It was created by libmrf configure 0.7.0, which was
generated by GNU Autoconf 2.67.  Invocation command line was

  $ ./configure --enable-static

## --------- ##
## Platform. ##
## --------- ##

hostname = cardinal
uname -m = x86_64
uname -r = 2.6.38-8-generic
uname -s = Linux
uname -v = #42-Ubuntu SMP Mon Apr 11 03:31:24 UTC 2011

/usr/bin/uname -p = unknown
/bin/uname -X     = unknown

/bin/arch              = unknown
/usr/bin/arch -k       = unknown
/usr/convex/getsysinfo = unknown
/usr/bin/hostinfo      = unknown
/bin/machine           = unknown
/usr/bin/oslevel       = unknown
/bin/universe          = unknown

PATH: /home/dzc/bin
PATH: /usr/local/sbin
PATH: /usr/local/bin
PATH: /usr/sbin
PATH: /usr/bin
PATH: /sbin
PATH: /bin
PATH: /usr/games


## ----------- ##
## Core tests. ##
## ----------- ##

configure:2267: checking for a BSD-compatible install
configure:2335: result: /usr/bin/install -c
configure:2346: checking whether build environment is sane
configure:2396: result: yes
configure:2537: checking for a thread-safe mkdir -p
configure:2576: result: /bin/mkdir -p
configure:2589: checking for gawk
configure:2605: found /usr/bin/gawk
configure:2616: result: gawk
configure:2627: checking whether make sets $(MAKE)
configure:2649: result: yes
configure:2758: checking build system type
configure:2772: result: x86_64-unknown-linux-gnu
configure:2792: checking host system type
configure:2805: result: x86_64-unknown-linux-gnu
configure:2837: checking for style of include used by make
configure:2865: result: GNU
configure:2935: checking for gcc
configure:2951: found /usr/bin/gcc
configure:2962: result: gcc
configure:3191: checking for C compiler version
configure:3200: gcc --version >&5
gcc (Ubuntu/Linaro 4.5.2-8ubuntu4) 4.5.2
Copyright (C) 2010 Free Software Foundation, Inc.
This is free software; see the source for copying conditions.  There is NO
warranty; not even for MERCHANTABILITY or FITNESS FOR A PARTICULAR PURPOSE.

configure:3211: $? = 0
configure:3200: gcc -v >&5
Using built-in specs.
COLLECT_GCC=gcc
COLLECT_LTO_WRAPPER=/usr/lib/x86_64-linux-gnu/gcc/x86_64-linux-gnu/4.5.2/lto-wrapper
Target: x86_64-linux-gnu
Configured with: ../src/configure -v --with-pkgversion='Ubuntu/Linaro 4.5.2-8ubuntu4' --with-bugurl=file:///usr/share/doc/gcc-4.5/README.Bugs --enable-languages=c,c++,fortran,objc,obj-c++ --prefix=/usr --program-suffix=-4.5 --enable-shared --enable-multiarch --with-multiarch-defaults=x86_64-linux-gnu --enable-linker-build-id --with-system-zlib --libexecdir=/usr/lib/x86_64-linux-gnu --without-included-gettext --enable-threads=posix --with-gxx-include-dir=/usr/include/c++/4.5 --libdir=/usr/lib/x86_64-linux-gnu --enable-nls --with-sysroot=/ --enable-clocale=gnu --enable-libstdcxx-debug --enable-libstdcxx-time=yes --enable-plugin --enable-gold --enable-ld=default --with-plugin-ld=ld.gold --enable-objc-gc --disable-werror --with-arch-32=i686 --with-tune=generic --enable-checking=release --build=x86_64-linux-gnu --host=x86_64-linux-gnu --target=x86_64-linux-gnu
Thread model: posix
gcc version 4.5.2 (Ubuntu/Linaro 4.5.2-8ubuntu4) 
configure:3211: $? = 0
configure:3200: gcc -V >&5
gcc: '-V' option must have argument
configure:3211: $? = 1
configure:3200: gcc -qversion >&5
gcc: unrecognized option '-qversion'
gcc: no input files
configure:3211: $? = 1
configure:3231: checking whether the C compiler works
configure:3253: gcc    conftest.c  >&5
configure:3257: $? = 0
configure:3305: result: yes
configure:3308: checking for C compiler default output file name
configure:3310: result: a.out
configure:3316: checking for suffix of executables
configure:3323: gcc -o conftest    conftest.c  >&5
configure:3327: $? = 0
configure:3349: result: 
configure:3371: checking whether we are cross compiling
configure:3379: gcc -o conftest    conftest.c  >&5
configure:3383: $? = 0
configure:3390: ./conftest
configure:3394: $? = 0
configure:3409: result: no
configure:3414: checking for suffix of object files
configure:3436: gcc -c   conftest.c >&5
configure:3440: $? = 0
configure:3461: result: o
configure:3465: checking whether we are using the GNU C compiler
configure:3484: gcc -c   conftest.c >&5
configure:3484: $? = 0
configure:3493: result: yes
configure:3502: checking whether gcc accepts -g
configure:3522: gcc -c -g  conftest.c >&5
configure:3522: $? = 0
configure:3563: result: yes
configure:3580: checking for gcc option to accept ISO C89
configure:3644: gcc  -c -g -O2  conftest.c >&5
configure:3644: $? = 0
configure:3657: result: none needed
configure:3679: checking dependency style of gcc
configure:3789: result: gcc3
configure:3804: checking for a sed that does not truncate output
configure:3868: result: /bin/sed
configure:3886: checking for grep that handles long lines and -e
configure:3944: result: /bin/grep
configure:3949: checking for egrep
configure:4011: result: /bin/grep -E
configure:4016: checking for fgrep
configure:4078: result: /bin/grep -F
configure:4113: checking for ld used by gcc
configure:4180: result: /usr/bin/ld
configure:4187: checking if the linker (/usr/bin/ld) is GNU ld
configure:4202: result: yes
configure:4214: checking for BSD- or MS-compatible name lister (nm)
configure:4263: result: /usr/bin/nm -B
configure:4381: checking the name lister (/usr/bin/nm -B) interface
configure:4388: gcc -c -g -O2  conftest.c >&5
configure:4391: /usr/bin/nm -B "conftest.o"
configure:4394: output
0000000000000000 B some_variable
configure:4401: result: BSD nm
configure:4404: checking whether ln -s works
configure:4408: result: yes
configure:4416: checking the maximum length of command line arguments
configure:4536: result: 1572864
configure:4553: checking whether the shell understands some XSI constructs
configure:4563: result: yes
configure:4567: checking whether the shell understands "+="
configure:4573: result: yes
configure:4608: checking for /usr/bin/ld option to reload object files
configure:4615: result: -r
configure:4684: checking for objdump
configure:4700: found /usr/bin/objdump
configure:4711: result: objdump
configure:4743: checking how to recognize dependent libraries
configure:4939: result: pass_all
configure:4999: checking for ar
configure:5015: found /usr/bin/ar
configure:5026: result: ar
configure:5104: checking for strip
configure:5120: found /usr/bin/strip
configure:5131: result: strip
configure:5203: checking for ranlib
configure:5219: found /usr/bin/ranlib
configure:5230: result: ranlib
configure:5320: checking command to parse /usr/bin/nm -B output from gcc object
configure:5438: gcc -c -g -O2  conftest.c >&5
configure:5441: $? = 0
configure:5445: /usr/bin/nm -B conftest.o \| sed -n -e 's/^.*[	 ]\([ABCDGIRSTW][ABCDGIRSTW]*\)[	 ][	 ]*\([_A-Za-z][_A-Za-z0-9]*\)$/\1 \2 \2/p' \> conftest.nm
configure:5448: $? = 0
configure:5502: gcc -o conftest -g -O2   conftest.c conftstm.o >&5
configure:5505: $? = 0
configure:5543: result: ok
configure:5639: gcc -c -g -O2  conftest.c >&5
configure:5642: $? = 0
configure:6352: checking how to run the C preprocessor
configure:6383: gcc -E  conftest.c
configure:6383: $? = 0
configure:6397: gcc -E  conftest.c
conftest.c:11:28: fatal error: ac_nonexistent.h: No such file or directory
compilation terminated.
configure:6397: $? = 1
configure: failed program was:
| /* confdefs.h */
| #define PACKAGE_NAME "libmrf"
| #define PACKAGE_TARNAME "libmrf"
| #define PACKAGE_VERSION "0.7.0"
| #define PACKAGE_STRING "libmrf 0.7.0"
| #define PACKAGE_BUGREPORT "david.chen@yale.edu"
| #define PACKAGE_URL ""
| #define PACKAGE "libmrf"
| #define VERSION "0.7.0"
| /* end confdefs.h.  */
| #include <ac_nonexistent.h>
configure:6422: result: gcc -E
configure:6442: gcc -E  conftest.c
configure:6442: $? = 0
configure:6456: gcc -E  conftest.c
conftest.c:11:28: fatal error: ac_nonexistent.h: No such file or directory
compilation terminated.
configure:6456: $? = 1
configure: failed program was:
| /* confdefs.h */
| #define PACKAGE_NAME "libmrf"
| #define PACKAGE_TARNAME "libmrf"
| #define PACKAGE_VERSION "0.7.0"
| #define PACKAGE_STRING "libmrf 0.7.0"
| #define PACKAGE_BUGREPORT "david.chen@yale.edu"
| #define PACKAGE_URL ""
| #define PACKAGE "libmrf"
| #define VERSION "0.7.0"
| /* end confdefs.h.  */
| #include <ac_nonexistent.h>
configure:6485: checking for ANSI C header files
configure:6505: gcc -c -g -O2  conftest.c >&5
configure:6505: $? = 0
configure:6578: gcc -o conftest -g -O2   conftest.c  >&5
configure:6578: $? = 0
configure:6578: ./conftest
configure:6578: $? = 0
configure:6589: result: yes
configure:6602: checking for sys/types.h
configure:6602: gcc -c -g -O2  conftest.c >&5
configure:6602: $? = 0
configure:6602: result: yes
configure:6602: checking for sys/stat.h
configure:6602: gcc -c -g -O2  conftest.c >&5
configure:6602: $? = 0
configure:6602: result: yes
configure:6602: checking for stdlib.h
configure:6602: gcc -c -g -O2  conftest.c >&5
configure:6602: $? = 0
configure:6602: result: yes
configure:6602: checking for string.h
configure:6602: gcc -c -g -O2  conftest.c >&5
configure:6602: $? = 0
configure:6602: result: yes
configure:6602: checking for memory.h
configure:6602: gcc -c -g -O2  conftest.c >&5
configure:6602: $? = 0
configure:6602: result: yes
configure:6602: checking for strings.h
configure:6602: gcc -c -g -O2  conftest.c >&5
configure:6602: $? = 0
configure:6602: result: yes
configure:6602: checking for inttypes.h
configure:6602: gcc -c -g -O2  conftest.c >&5
configure:6602: $? = 0
configure:6602: result: yes
configure:6602: checking for stdint.h
configure:6602: gcc -c -g -O2  conftest.c >&5
configure:6602: $? = 0
configure:6602: result: yes
configure:6602: checking for unistd.h
configure:6602: gcc -c -g -O2  conftest.c >&5
configure:6602: $? = 0
configure:6602: result: yes
configure:6616: checking for dlfcn.h
configure:6616: gcc -c -g -O2  conftest.c >&5
configure:6616: $? = 0
configure:6616: result: yes
configure:6800: checking for objdir
configure:6815: result: .libs
configure:7111: checking if gcc supports -fno-rtti -fno-exceptions
configure:7129: gcc -c -g -O2  -fno-rtti -fno-exceptions conftest.c >&5
cc1: warning: command line option "-fno-rtti" is valid for C++/ObjC++ but not for C
configure:7133: $? = 0
configure:7146: result: no
configure:7166: checking for gcc option to produce PIC
configure:7438: result: -fPIC -DPIC
configure:7450: checking if gcc PIC flag -fPIC -DPIC works
configure:7468: gcc -c -g -O2  -fPIC -DPIC -DPIC conftest.c >&5
configure:7472: $? = 0
configure:7485: result: yes
configure:7509: checking if gcc static flag -static works
configure:7537: result: yes
configure:7552: checking if gcc supports -c -o file.o
configure:7573: gcc -c -g -O2  -o out/conftest2.o conftest.c >&5
configure:7577: $? = 0
configure:7599: result: yes
configure:7607: checking if gcc supports -c -o file.o
configure:7654: result: yes
configure:7687: checking whether the gcc linker (/usr/bin/ld -m elf_x86_64) supports shared libraries
configure:8678: result: yes
configure:8715: checking whether -lc should be explicitly linked in
configure:8720: gcc -c -g -O2  conftest.c >&5
configure:8723: $? = 0
configure:8738: gcc -shared conftest.o  -v -Wl,-soname -Wl,conftest -o conftest 2\>\&1 \| /bin/grep  -lc  \>/dev/null 2\>\&1
configure:8741: $? = 0
configure:8753: result: no
configure:8917: checking dynamic linker characteristics
configure:9350: gcc -o conftest -g -O2   -Wl,-rpath -Wl,/foo conftest.c  >&5
configure:9350: $? = 0
configure:9580: result: GNU/Linux ld.so
configure:9682: checking how to hardcode library paths into programs
configure:9707: result: immediate
configure:10227: checking whether stripping libraries is possible
configure:10232: result: yes
configure:10267: checking if libtool supports shared libraries
configure:10269: result: yes
configure:10272: checking whether to build shared libraries
configure:10293: result: yes
configure:10296: checking whether to build static libraries
configure:10300: result: yes
configure:10398: checking for gcc
configure:10425: result: gcc
configure:10654: checking for C compiler version
configure:10663: gcc --version >&5
gcc (Ubuntu/Linaro 4.5.2-8ubuntu4) 4.5.2
Copyright (C) 2010 Free Software Foundation, Inc.
This is free software; see the source for copying conditions.  There is NO
warranty; not even for MERCHANTABILITY or FITNESS FOR A PARTICULAR PURPOSE.

configure:10674: $? = 0
configure:10663: gcc -v >&5
Using built-in specs.
COLLECT_GCC=gcc
COLLECT_LTO_WRAPPER=/usr/lib/x86_64-linux-gnu/gcc/x86_64-linux-gnu/4.5.2/lto-wrapper
Target: x86_64-linux-gnu
Configured with: ../src/configure -v --with-pkgversion='Ubuntu/Linaro 4.5.2-8ubuntu4' --with-bugurl=file:///usr/share/doc/gcc-4.5/README.Bugs --enable-languages=c,c++,fortran,objc,obj-c++ --prefix=/usr --program-suffix=-4.5 --enable-shared --enable-multiarch --with-multiarch-defaults=x86_64-linux-gnu --enable-linker-build-id --with-system-zlib --libexecdir=/usr/lib/x86_64-linux-gnu --without-included-gettext --enable-threads=posix --with-gxx-include-dir=/usr/include/c++/4.5 --libdir=/usr/lib/x86_64-linux-gnu --enable-nls --with-sysroot=/ --enable-clocale=gnu --enable-libstdcxx-debug --enable-libstdcxx-time=yes --enable-plugin --enable-gold --enable-ld=default --with-plugin-ld=ld.gold --enable-objc-gc --disable-werror --with-arch-32=i686 --with-tune=generic --enable-checking=release --build=x86_64-linux-gnu --host=x86_64-linux-gnu --target=x86_64-linux-gnu
Thread model: posix
gcc version 4.5.2 (Ubuntu/Linaro 4.5.2-8ubuntu4) 
configure:10674: $? = 0
configure:10663: gcc -V >&5
gcc: '-V' option must have argument
configure:10674: $? = 1
configure:10663: gcc -qversion >&5
gcc: unrecognized option '-qversion'
gcc: no input files
configure:10674: $? = 1
configure:10678: checking whether we are using the GNU C compiler
configure:10706: result: yes
configure:10715: checking whether gcc accepts -g
configure:10776: result: yes
configure:10793: checking for gcc option to accept ISO C89
configure:10870: result: none needed
configure:10892: checking dependency style of gcc
configure:11002: result: gcc3
configure:11020: checking for log in -lm
configure:11045: gcc -o conftest -g -O2   conftest.c -lm   >&5
conftest.c:30:6: warning: conflicting types for built-in function 'log'
configure:11045: $? = 0
configure:11054: result: yes
configure:11067: checking for cblas_dgemm in -lgslcblas
configure:11092: gcc -o conftest -g -O2   conftest.c -lgslcblas  -lm  >&5
configure:11092: $? = 0
configure:11101: result: yes
configure:11114: checking for gsl_ran_hypergeometric_pdf in -lgsl
configure:11139: gcc -o conftest -g -O2   conftest.c -lgsl  -lgslcblas -lm  >&5
configure:11139: $? = 0
configure:11148: result: yes
configure:11161: checking for needMem in -lbios
configure:11186: gcc -o conftest -g -O2   conftest.c -lbios  -lgsl -lgslcblas -lm  >&5
configure:11186: $? = 0
configure:11195: result: yes
configure:11216: checking for strchr
configure:11216: gcc -o conftest -g -O2   conftest.c -lbios -lgsl -lgslcblas -lm  >&5
conftest.c:50:6: warning: conflicting types for built-in function 'strchr'
configure:11216: $? = 0
configure:11216: result: yes
configure:11351: creating ./config.status

## ---------------------- ##
## Running config.status. ##
## ---------------------- ##

This file was extended by libmrf config.status 0.7.0, which was
generated by GNU Autoconf 2.67.  Invocation command line was

  CONFIG_FILES    = 
  CONFIG_HEADERS  = 
  CONFIG_LINKS    = 
  CONFIG_COMMANDS = 
  $ ./config.status 

on cardinal

config.status:1076: creating Makefile
config.status:1076: creating lib/Makefile
config.status:1076: creating config.h
config.status:1304: executing depfiles commands
config.status:1304: executing libtool commands

## ---------------- ##
## Cache variables. ##
## ---------------- ##

ac_cv_build=x86_64-unknown-linux-gnu
ac_cv_c_compiler_gnu=yes
ac_cv_env_CC_set=
ac_cv_env_CC_value=
ac_cv_env_CFLAGS_set=
ac_cv_env_CFLAGS_value=
ac_cv_env_CPPFLAGS_set=
ac_cv_env_CPPFLAGS_value=
ac_cv_env_CPP_set=
ac_cv_env_CPP_value=
ac_cv_env_LDFLAGS_set=
ac_cv_env_LDFLAGS_value=
ac_cv_env_LIBS_set=
ac_cv_env_LIBS_value=
ac_cv_env_build_alias_set=
ac_cv_env_build_alias_value=
ac_cv_env_host_alias_set=
ac_cv_env_host_alias_value=
ac_cv_env_target_alias_set=
ac_cv_env_target_alias_value=
ac_cv_func_strchr=yes
ac_cv_header_dlfcn_h=yes
ac_cv_header_inttypes_h=yes
ac_cv_header_memory_h=yes
ac_cv_header_stdc=yes
ac_cv_header_stdint_h=yes
ac_cv_header_stdlib_h=yes
ac_cv_header_string_h=yes
ac_cv_header_strings_h=yes
ac_cv_header_sys_stat_h=yes
ac_cv_header_sys_types_h=yes
ac_cv_header_unistd_h=yes
ac_cv_host=x86_64-unknown-linux-gnu
ac_cv_lib_bios_needMem=yes
ac_cv_lib_gsl_gsl_ran_hypergeometric_pdf=yes
ac_cv_lib_gslcblas_cblas_dgemm=yes
ac_cv_lib_m_log=yes
ac_cv_objext=o
ac_cv_path_EGREP='/bin/grep -E'
ac_cv_path_FGREP='/bin/grep -F'
ac_cv_path_GREP=/bin/grep
ac_cv_path_SED=/bin/sed
ac_cv_path_install='/usr/bin/install -c'
ac_cv_path_mkdir=/bin/mkdir
ac_cv_prog_AWK=gawk
ac_cv_prog_CPP='gcc -E'
ac_cv_prog_ac_ct_AR=ar
ac_cv_prog_ac_ct_CC=gcc
ac_cv_prog_ac_ct_OBJDUMP=objdump
ac_cv_prog_ac_ct_RANLIB=ranlib
ac_cv_prog_ac_ct_STRIP=strip
ac_cv_prog_cc_c89=
ac_cv_prog_cc_g=yes
ac_cv_prog_make_make_set=yes
am_cv_CC_dependencies_compiler_type=gcc3
lt_cv_deplibs_check_method=pass_all
lt_cv_file_magic_cmd='$MAGIC_CMD'
lt_cv_file_magic_test_file=
lt_cv_ld_reload_flag=-r
lt_cv_nm_interface='BSD nm'
lt_cv_objdir=.libs
lt_cv_path_LD=/usr/bin/ld
lt_cv_path_NM='/usr/bin/nm -B'
lt_cv_prog_compiler_c_o=yes
lt_cv_prog_compiler_pic_works=yes
lt_cv_prog_compiler_rtti_exceptions=no
lt_cv_prog_compiler_static_works=yes
lt_cv_prog_gnu_ld=yes
lt_cv_sys_global_symbol_pipe='sed -n -e '\''s/^.*[	 ]\([ABCDGIRSTW][ABCDGIRSTW]*\)[	 ][	 ]*\([_A-Za-z][_A-Za-z0-9]*\)$/\1 \2 \2/p'\'''
lt_cv_sys_global_symbol_to_c_name_address='sed -n -e '\''s/^: \([^ ]*\) $/  {\"\1\", (void *) 0},/p'\'' -e '\''s/^[ABCDGIRSTW]* \([^ ]*\) \([^ ]*\)$/  {"\2", (void *) \&\2},/p'\'''
lt_cv_sys_global_symbol_to_c_name_address_lib_prefix='sed -n -e '\''s/^: \([^ ]*\) $/  {\"\1\", (void *) 0},/p'\'' -e '\''s/^[ABCDGIRSTW]* \([^ ]*\) \(lib[^ ]*\)$/  {"\2", (void *) \&\2},/p'\'' -e '\''s/^[ABCDGIRSTW]* \([^ ]*\) \([^ ]*\)$/  {"lib\2", (void *) \&\2},/p'\'''
lt_cv_sys_global_symbol_to_cdecl='sed -n -e '\''s/^T .* \(.*\)$/extern int \1();/p'\'' -e '\''s/^[ABCDGIRSTW]* .* \(.*\)$/extern char \1;/p'\'''
lt_cv_sys_max_cmd_len=1572864

## ----------------- ##
## Output variables. ##
## ----------------- ##

ACLOCAL='${SHELL} /home/dzc/Work/bioinfo/libmrf/missing --run aclocal-1.11'
AMDEPBACKSLASH='\'
AMDEP_FALSE='#'
AMDEP_TRUE=''
AMTAR='${SHELL} /home/dzc/Work/bioinfo/libmrf/missing --run tar'
AM_BACKSLASH='\'
AM_DEFAULT_VERBOSITY='0'
AR='ar'
AUTOCONF='${SHELL} /home/dzc/Work/bioinfo/libmrf/missing --run autoconf'
AUTOHEADER='${SHELL} /home/dzc/Work/bioinfo/libmrf/missing --run autoheader'
AUTOMAKE='${SHELL} /home/dzc/Work/bioinfo/libmrf/missing --run automake-1.11'
AWK='gawk'
CC='gcc'
CCDEPMODE='depmode=gcc3'
CFLAGS='-g -O2'
CPP='gcc -E'
CPPFLAGS=''
CYGPATH_W='echo'
DEFS='-DHAVE_CONFIG_H'
DEPDIR='.deps'
DSYMUTIL=''
DUMPBIN=''
ECHO_C=''
ECHO_N='-n'
ECHO_T=''
EGREP='/bin/grep -E'
EXEEXT=''
FGREP='/bin/grep -F'
GREP='/bin/grep'
INSTALL_DATA='${INSTALL} -m 644'
INSTALL_PROGRAM='${INSTALL}'
INSTALL_SCRIPT='${INSTALL}'
INSTALL_STRIP_PROGRAM='$(install_sh) -c -s'
LD='/usr/bin/ld -m elf_x86_64'
LDFLAGS=''
LIBOBJS=''
LIBS='-lbios -lgsl -lgslcblas -lm '
LIBTOOL='$(SHELL) $(top_builddir)/libtool'
LIPO=''
LN_S='ln -s'
LTLIBOBJS=''
MAKEINFO='${SHELL} /home/dzc/Work/bioinfo/libmrf/missing --run makeinfo'
MKDIR_P='/bin/mkdir -p'
NM='/usr/bin/nm -B'
NMEDIT=''
OBJDUMP='objdump'
OBJEXT='o'
OTOOL64=''
OTOOL=''
PACKAGE='libmrf'
PACKAGE_BUGREPORT='david.chen@yale.edu'
PACKAGE_NAME='libmrf'
PACKAGE_STRING='libmrf 0.7.0'
PACKAGE_TARNAME='libmrf'
PACKAGE_URL=''
PACKAGE_VERSION='0.7.0'
PATH_SEPARATOR=':'
RANLIB='ranlib'
SED='/bin/sed'
SET_MAKE=''
SHELL='/bin/bash'
STRIP='strip'
VERSION='0.7.0'
ac_ct_CC='gcc'
ac_ct_DUMPBIN=''
am__EXEEXT_FALSE=''
am__EXEEXT_TRUE='#'
am__fastdepCC_FALSE='#'
am__fastdepCC_TRUE=''
am__include='include'
am__isrc=''
am__leading_dot='.'
am__quote=''
am__tar='${AMTAR} chof - "$$tardir"'
am__untar='${AMTAR} xf -'
bindir='${exec_prefix}/bin'
build='x86_64-unknown-linux-gnu'
build_alias=''
build_cpu='x86_64'
build_os='linux-gnu'
build_vendor='unknown'
datadir='${datarootdir}'
datarootdir='${prefix}/share'
docdir='${datarootdir}/doc/${PACKAGE_TARNAME}'
dvidir='${docdir}'
exec_prefix='${prefix}'
host='x86_64-unknown-linux-gnu'
host_alias=''
host_cpu='x86_64'
host_os='linux-gnu'
host_vendor='unknown'
htmldir='${docdir}'
includedir='${prefix}/include'
infodir='${datarootdir}/info'
install_sh='${SHELL} /home/dzc/Work/bioinfo/libmrf/install-sh'
libdir='${exec_prefix}/lib'
libexecdir='${exec_prefix}/libexec'
localedir='${datarootdir}/locale'
localstatedir='${prefix}/var'
lt_ECHO='echo'
mandir='${datarootdir}/man'
mkdir_p='/bin/mkdir -p'
oldincludedir='/usr/include'
pdfdir='${docdir}'
prefix='/usr/local'
program_transform_name='s,x,x,'
psdir='${docdir}'
sbindir='${exec_prefix}/sbin'
sharedstatedir='${prefix}/com'
sysconfdir='${prefix}/etc'
target_alias=''

## ----------- ##
## confdefs.h. ##
## ----------- ##

/* confdefs.h */
#define PACKAGE_NAME "libmrf"
#define PACKAGE_TARNAME "libmrf"
#define PACKAGE_VERSION "0.7.0"
#define PACKAGE_STRING "libmrf 0.7.0"
#define PACKAGE_BUGREPORT "david.chen@yale.edu"
#define PACKAGE_URL ""
#define PACKAGE "libmrf"
#define VERSION "0.7.0"
#define STDC_HEADERS 1
#define HAVE_SYS_TYPES_H 1
#define HAVE_SYS_STAT_H 1
#define HAVE_STDLIB_H 1
#define HAVE_STRING_H 1
#define HAVE_MEMORY_H 1
#define HAVE_STRINGS_H 1
#define HAVE_INTTYPES_H 1
#define HAVE_STDINT_H 1
#define HAVE_UNISTD_H 1
#define HAVE_DLFCN_H 1
#define LT_OBJDIR ".libs/"
#define HAVE_LIBM 1
#define HAVE_LIBGSLCBLAS 1
#define HAVE_LIBGSL 1
#define HAVE_LIBBIOS 1
#define HAVE_STRCHR 1

configure: exit 0

## ---------------------- ##
## Running config.status. ##
## ---------------------- ##

This file was extended by libmrf config.status 0.7.0, which was
generated by GNU Autoconf 2.67.  Invocation command line was

  CONFIG_FILES    = 
  CONFIG_HEADERS  = 
  CONFIG_LINKS    = 
  CONFIG_COMMANDS = 
  $ ./config.status config.h

on cardinal

config.status:1076: creating config.h
config.status:1256: config.h is unchanged
